<?xml version='1.0' encoding='UTF-8'?>
<business type="bar">
  <name>Tasty Beverage Co.</name>
  <beers>
    <beer>Rochefort 10</beer>
    <beer>St. Bernardus Abbot 12</beer>
    <beer>Schlitz</beer>
  </beers>
  <rating subjective="true">5</rating>
  <website>
    <mobilefriendly/>
    <address>http://tastybeverageco.com</address>
  </website>
<rating>5</rating></business>