<?xml version='1.0' encoding='UTF-8'?>
<business type="bar">
  <name>Tasty Beverage Co.</name>
  <beers>
    <beer>Rochefort 10</beer>
    <beer>St. Bernardus Abbot 12</beer>
    <beer>Schlitz</beer>
  </beers>
  <rating subjective="true">10</rating>
  <website>
    <mobilefriendly/>
    <address></address>
  </website>
</business>
