<?xml version='1.0' encoding='UTF-8'?>
<business type="bar">
  <name>Tasty Beverage Co.</name>
  <beers>
    <beer>90 Minute IPA</beer><beer>Harvest Pumpkin Ale</beer></beers>
  <rating subjective="true">10</rating>
  <website>
    <mobilefriendly/>
    <address>http://tastybeverageco.com</address>
  </website>
</business>