<?xml version='1.0' encoding='UTF-8'?>
<business type="bar">
  <name>Tasty Beverage Co.</name>
  <beers>
    <beer alcohol="0.5" name="90 Minute IPA">2</beer><beer alcohol="0.3" name="Harvest Pumpkin Ale">5</beer></beers>
  <rating subjective="true">10</rating>
  <website>
    <mobilefriendly/>
    <address>http://tastybeverageco.com</address>
  </website>
</business>
