<?xml version='1.0' encoding='UTF-8'?>
<business type="bar">
  <name>Tasty Beverage Co.</name>
  <beers>
    <beer>Rochefort 10</beer>
    <beer>St. Bernardus Abbot 12</beer>
    <beer>Schlitz</beer>
  <beer>Natty Lite</beer><beer>Miller Lite</beer><beer>Coors Lite</beer></beers>
  <rating subjective="true">10</rating>
  <website>
    <mobilefriendly/>
    <address>http://tastybeverageco.com</address>
  </website>
</business>